[INFO] Scanning for projects...
[INFO] 
[INFO] --------------------------< com.soporte:api >---------------------------
[INFO] Building api 0.0.1-SNAPSHOT
[INFO]   from pom.xml
[INFO] --------------------------------[ jar ]---------------------------------
[INFO] 
[INFO] --- clean:3.3.2:clean (default-clean) @ api ---
[INFO] Deleting C:\Users\USER\Downloads\javapro\backend\target
[INFO] 
[INFO] --- resources:3.3.1:resources (default-resources) @ api ---
[INFO] skip non existing resourceDirectory C:\Users\USER\Downloads\javapro\backend\src\main\resources
[INFO] skip non existing resourceDirectory C:\Users\USER\Downloads\javapro\backend\src\main\resources
[INFO] 
[INFO] --- compiler:3.11.0:compile (default-compile) @ api ---
[INFO] Changes detected - recompiling the module! :source
[INFO] Compiling 8 source files with javac [debug release 17] to target\classes
[INFO] -------------------------------------------------------------
[ERROR] COMPILATION ERROR : 
[INFO] -------------------------------------------------------------
[ERROR] /C:/Users/USER/Downloads/javapro/backend/src/main/java/com/soporte/api/service/impl/SolicitudServiceImpl.java:[5,31] cannot find symbol
  symbol:   class SolicitudService
  location: package com.soporte.api.service
[ERROR] /C:/Users/USER/Downloads/javapro/backend/src/main/java/com/soporte/api/service/impl/SolicitudServiceImpl.java:[16,46] cannot find symbol
  symbol: class SolicitudService
[ERROR] /C:/Users/USER/Downloads/javapro/backend/src/main/java/com/soporte/api/controller/SolicitudController.java:[4,31] cannot find symbol
  symbol:   class SolicitudService
  location: package com.soporte.api.service
[ERROR] /C:/Users/USER/Downloads/javapro/backend/src/main/java/com/soporte/api/controller/SolicitudController.java:[17,19] cannot find symbol
  symbol:   class SolicitudService
  location: class com.soporte.api.controller.SolicitudController
[ERROR] /C:/Users/USER/Downloads/javapro/backend/src/main/java/com/soporte/api/controller/SolicitudController.java:[20,32] cannot find symbol
  symbol:   class SolicitudService
  location: class com.soporte.api.controller.SolicitudController
[ERROR] /C:/Users/USER/Downloads/javapro/backend/src/main/java/com/soporte/api/service/impl/SolicitudServiceImpl.java:[22,5] method does not override or implement a method from a supertype
[ERROR] /C:/Users/USER/Downloads/javapro/backend/src/main/java/com/soporte/api/service/impl/SolicitudServiceImpl.java:[37,5] method does not override or implement a method from a supertype
[ERROR] /C:/Users/USER/Downloads/javapro/backend/src/main/java/com/soporte/api/service/impl/SolicitudServiceImpl.java:[42,5] method does not override or implement a method from a supertype
[ERROR] /C:/Users/USER/Downloads/javapro/backend/src/main/java/com/soporte/api/service/impl/SolicitudServiceImpl.java:[50,5] method does not override or implement a method from a supertype
[ERROR] /C:/Users/USER/Downloads/javapro/backend/src/main/java/com/soporte/api/service/impl/SolicitudServiceImpl.java:[63,5] method does not override or implement a method from a supertype
[INFO] 10 errors 
[INFO] -------------------------------------------------------------
[INFO] ------------------------------------------------------------------------
[INFO] BUILD FAILURE
[INFO] ------------------------------------------------------------------------
[INFO] Total time:  1.244 s
[INFO] Finished at: 2026-02-22T00:14:33-05:00
[INFO] ------------------------------------------------------------------------
[ERROR] Failed to execute goal org.apache.maven.plugins:maven-compiler-plugin:3.11.0:compile (default-compile) on project api: Compilation failure: Compilation failure: 
[ERROR] /C:/Users/USER/Downloads/javapro/backend/src/main/java/com/soporte/api/service/impl/SolicitudServiceImpl.java:[5,31] cannot find symbol
[ERROR]   symbol:   class SolicitudService
[ERROR]   location: package com.soporte.api.service
[ERROR] /C:/Users/USER/Downloads/javapro/backend/src/main/java/com/soporte/api/service/impl/SolicitudServiceImpl.java:[16,46] cannot find symbol
[ERROR]   symbol: class SolicitudService
[ERROR] /C:/Users/USER/Downloads/javapro/backend/src/main/java/com/soporte/api/controller/SolicitudController.java:[4,31] cannot find symbol
[ERROR]   symbol:   class SolicitudService
[ERROR]   location: package com.soporte.api.service
[ERROR] /C:/Users/USER/Downloads/javapro/backend/src/main/java/com/soporte/api/controller/SolicitudController.java:[17,19] cannot find symbol
[ERROR]   symbol:   class SolicitudService
[ERROR]   location: class com.soporte.api.controller.SolicitudController
[ERROR] /C:/Users/USER/Downloads/javapro/backend/src/main/java/com/soporte/api/controller/SolicitudController.java:[20,32] cannot find symbol
[ERROR]   symbol:   class SolicitudService
[ERROR]   location: class com.soporte.api.controller.SolicitudController
[ERROR] /C:/Users/USER/Downloads/javapro/backend/src/main/java/com/soporte/api/service/impl/SolicitudServiceImpl.java:[22,5] method does not override or implement a method from a supertype
[ERROR] /C:/Users/USER/Downloads/javapro/backend/src/main/java/com/soporte/api/service/impl/SolicitudServiceImpl.java:[37,5] method does not override or implement a method from a supertype
[ERROR] /C:/Users/USER/Downloads/javapro/backend/src/main/java/com/soporte/api/service/impl/SolicitudServiceImpl.java:[42,5] method does not override or implement a method from a supertype
[ERROR] /C:/Users/USER/Downloads/javapro/backend/src/main/java/com/soporte/api/service/impl/SolicitudServiceImpl.java:[50,5] method does not override or implement a method from a supertype
[ERROR] /C:/Users/USER/Downloads/javapro/backend/src/main/java/com/soporte/api/service/impl/SolicitudServiceImpl.java:[63,5] method does not override or implement a method from a supertype
[ERROR] -> [Help 1]
[ERROR] 
[ERROR] To see the full stack trace of the errors, re-run Maven with the -e switch.
[ERROR] Re-run Maven using the -X switch to enable full debug logging.
[ERROR] 
[ERROR] For more information about the errors and possible solutions, please read the following articles:
[ERROR] [Help 1] http://cwiki.apache.org/confluence/display/MAVEN/MojoFailureException
